<?xml version="1.0" encoding="UTF-8"?>
<testsuite name="ComputerRepairRequestTest" tests="2" skipped="0" failures="0" errors="0" timestamp="2025-03-07T10:48:18" hostname="DESKTOP-86TGO95" time="0.043">
  <properties/>
  <testcase name="Second test" classname="ComputerRepairRequestTest" time="0.039"/>
  <testcase name="First test" classname="ComputerRepairRequestTest" time="0.001"/>
  <system-out><![CDATA[]]></system-out>
  <system-err><![CDATA[]]></system-err>
</testsuite>
